{
  "RSpec": {
    "coverage": {
      "/Users/turingschool/Desktop/Turing/4mod/projects/takehome/hot_tea_at_your_service/config/environment.rb": {
        "lines": [
          null,
          1,
          null,
          null,
          1
        ]
      },
      "/Users/turingschool/Desktop/Turing/4mod/projects/takehome/hot_tea_at_your_service/config/application.rb": {
        "lines": [
          1,
          null,
          1,
          null,
          1,
          1,
          1,
          1,
          1,
          1,
          1,
          1,
          null,
          null,
          null,
          null,
          null,
          1,
          null,
          1,
          1,
          null,
          1,
          null,
          null,
          null,
          null,
          null,
          null,
          null,
          null,
          null,
          1,
          null,
          null
        ]
      },
      "/Users/turingschool/Desktop/Turing/4mod/projects/takehome/hot_tea_at_your_service/config/boot.rb": {
        "lines": [
          1,
          null,
          1,
          1
        ]
      },
      "/Users/turingschool/Desktop/Turing/4mod/projects/takehome/hot_tea_at_your_service/config/environments/test.rb": {
        "lines": [
          1,
          null,
          null,
          null,
          null,
          null,
          null,
          1,
          null,
          null,
          null,
          null,
          1,
          null,
          null,
          1,
          1,
          null,
          null,
          null,
          null,
          1,
          1,
          null,
          null,
          1,
          null,
          null,
          1,
          null,
          null,
          1,
          null,
          1,
          null,
          null,
          null,
          null,
          1,
          null,
          null,
          1,
          null,
          null,
          null,
          null
        ]
      },
      "/Users/turingschool/Desktop/Turing/4mod/projects/takehome/hot_tea_at_your_service/config/initializers/application_controller_renderer.rb": {
        "lines": [
          null,
          null,
          null,
          null,
          null,
          null,
          null,
          null
        ]
      },
      "/Users/turingschool/Desktop/Turing/4mod/projects/takehome/hot_tea_at_your_service/config/initializers/backtrace_silencers.rb": {
        "lines": [
          null,
          null,
          null,
          null,
          null,
          null,
          null
        ]
      },
      "/Users/turingschool/Desktop/Turing/4mod/projects/takehome/hot_tea_at_your_service/config/initializers/cors.rb": {
        "lines": [
          null,
          null,
          null,
          null,
          null,
          null,
          null,
          null,
          null,
          null,
          null,
          null,
          null,
          null,
          null,
          null
        ]
      },
      "/Users/turingschool/Desktop/Turing/4mod/projects/takehome/hot_tea_at_your_service/config/initializers/filter_parameter_logging.rb": {
        "lines": [
          null,
          null,
          null,
          1
        ]
      },
      "/Users/turingschool/Desktop/Turing/4mod/projects/takehome/hot_tea_at_your_service/config/initializers/inflections.rb": {
        "lines": [
          null,
          null,
          null,
          null,
          null,
          null,
          null,
          null,
          null,
          null,
          null,
          null,
          null,
          null,
          null,
          null
        ]
      },
      "/Users/turingschool/Desktop/Turing/4mod/projects/takehome/hot_tea_at_your_service/config/initializers/mime_types.rb": {
        "lines": [
          null,
          null,
          null,
          null
        ]
      },
      "/Users/turingschool/Desktop/Turing/4mod/projects/takehome/hot_tea_at_your_service/config/initializers/wrap_parameters.rb": {
        "lines": [
          null,
          null,
          null,
          null,
          null,
          null,
          1,
          2,
          null,
          null,
          null,
          null,
          null,
          null
        ]
      },
      "/Users/turingschool/Desktop/Turing/4mod/projects/takehome/hot_tea_at_your_service/config/routes.rb": {
        "lines": [
          1,
          1,
          1,
          1,
          1,
          1,
          null,
          null,
          null
        ]
      },
      "/Users/turingschool/Desktop/Turing/4mod/projects/takehome/hot_tea_at_your_service/spec/requests/api/v1/get_subscriptions_spec.rb": {
        "lines": [

        ]
      },
      "/Users/turingschool/Desktop/Turing/4mod/projects/takehome/hot_tea_at_your_service/app/models/customer.rb": {
        "lines": [
          1,
          1,
          1,
          1,
          1,
          1,
          1,
          null
        ]
      },
      "/Users/turingschool/Desktop/Turing/4mod/projects/takehome/hot_tea_at_your_service/app/models/application_record.rb": {
        "lines": [
          1,
          1,
          null
        ]
      },
      "/Users/turingschool/Desktop/Turing/4mod/projects/takehome/hot_tea_at_your_service/app/models/tea.rb": {
        "lines": [
          1,
          1,
          1,
          null
        ]
      },
      "/Users/turingschool/Desktop/Turing/4mod/projects/takehome/hot_tea_at_your_service/app/models/subscription.rb": {
        "lines": [
          1,
          1,
          1,
          null
        ]
      },
      "/Users/turingschool/Desktop/Turing/4mod/projects/takehome/hot_tea_at_your_service/app/controllers/api/v1/subscriptions_controller.rb": {
        "lines": [
          1,
          1,
          null,
          null,
          1,
          3,
          2,
          2,
          2,
          2,
          null,
          1,
          null,
          null,
          null,
          1,
          null,
          null
        ]
      },
      "/Users/turingschool/Desktop/Turing/4mod/projects/takehome/hot_tea_at_your_service/app/controllers/application_controller.rb": {
        "lines": [
          1,
          null
        ]
      }
    },
    "timestamp": 1677860466
  }
}
